#
# There is insufficient memory for the Java Runtime Environment to continue.
# Native memory allocation (malloc) failed to allocate 1806576 bytes for Chunk::new
# Possible reasons:
#   The system is out of physical RAM or swap space
#   In 32 bit mode, the process size limit was hit
# Possible solutions:
#   Reduce memory load on the system
#   Increase physical memory or swap space
#   Check if swap backing store is full
#   Use 64 bit Java on a 64 bit OS
#   Decrease Java heap size (-Xmx/-Xms)
#   Decrease number of Java threads
#   Decrease Java thread stack sizes (-Xss)
#   Set larger code cache with -XX:ReservedCodeCacheSize=
# This output file may be truncated or incomplete.
#
#  Out of Memory Error (allocation.cpp:390), pid=9248, tid=0x0000000000002a58
#
# JRE version: Java(TM) SE Runtime Environment (8.0_144-b01) (build 1.8.0_144-b01)
# Java VM: Java HotSpot(TM) 64-Bit Server VM (25.144-b01 mixed mode windows-amd64 compressed oops)
# Failed to write core dump. Minidumps are not enabled by default on client versions of Windows
#

---------------  T H R E A D  ---------------

Current thread (0x0000000020826000):  JavaThread "C2 CompilerThread2" daemon [_thread_in_native, id=10840, stack(0x0000000021050000,0x0000000021150000)]

Stack: [0x0000000021050000,0x0000000021150000]
[error occurred during error reporting (printing stack bounds), id 0xc0000005]

Native frames: (J=compiled Java code, j=interpreted, Vv=VM code, C=native code)


Current CompileTask:
C2:   8760 3706       4       org.springframework.asm.ClassReader::readCode (3619 bytes)


---------------  P R O C E S S  ---------------

Java Threads: ( => current thread )
  0x0000000022604000 JavaThread "Abandoned connection cleanup thread" daemon [_thread_blocked, id=6008, stack(0x0000000027f00000,0x0000000028000000)]
  0x0000000026b9d800 JavaThread "Tomcat JDBC Pool Cleaner[414493378:1529258526354]" daemon [_thread_blocked, id=10260, stack(0x0000000027b20000,0x0000000027c20000)]
  0x00000000268f2800 JavaThread "container-0" [_thread_blocked, id=5364, stack(0x0000000027a20000,0x0000000027b20000)]
  0x0000000026603000 JavaThread "ContainerBackgroundProcessor[StandardEngine[Tomcat]]" daemon [_thread_blocked, id=9856, stack(0x0000000027460000,0x0000000027560000)]
  0x000000002535d800 JavaThread "localhost-startStop-1" daemon [_thread_blocked, id=980, stack(0x0000000026170000,0x0000000026270000)]
  0x000000002593e000 JavaThread "Tomcat-startStop-1" daemon [_thread_blocked, id=11152, stack(0x0000000026070000,0x0000000026170000)]
  0x00000000212c1800 JavaThread "Service Thread" daemon [_thread_blocked, id=8660, stack(0x0000000021a50000,0x0000000021b50000)]
  0x0000000020827800 JavaThread "C1 CompilerThread3" daemon [_thread_blocked, id=4736, stack(0x0000000021150000,0x0000000021250000)]
=>0x0000000020826000 JavaThread "C2 CompilerThread2" daemon [_thread_in_native, id=10840, stack(0x0000000021050000,0x0000000021150000)]
  0x0000000020821000 JavaThread "C2 CompilerThread1" daemon [_thread_in_native, id=8792, stack(0x0000000020f50000,0x0000000021050000)]
  0x0000000020820800 JavaThread "C2 CompilerThread0" daemon [_thread_in_native, id=9592, stack(0x0000000020e50000,0x0000000020f50000)]
  0x0000000020785000 JavaThread "Monitor Ctrl-Break" daemon [_thread_in_native, id=2488, stack(0x0000000020d50000,0x0000000020e50000)]
  0x0000000020486000 JavaThread "Attach Listener" daemon [_thread_blocked, id=10480, stack(0x0000000020c50000,0x0000000020d50000)]
  0x0000000020481800 JavaThread "Signal Dispatcher" daemon [_thread_blocked, id=10568, stack(0x0000000020b50000,0x0000000020c50000)]
  0x0000000020470800 JavaThread "Finalizer" daemon [_thread_blocked, id=4204, stack(0x0000000020850000,0x0000000020950000)]
  0x0000000004c0c000 JavaThread "Reference Handler" daemon [_thread_blocked, id=8344, stack(0x0000000020350000,0x0000000020450000)]
  0x0000000004b15800 JavaThread "main" [_thread_in_Java, id=12172, stack(0x0000000004810000,0x0000000004910000)]

Other Threads:
  0x000000001e568800 VMThread [stack: 0x0000000020250000,0x0000000020350000] [id=11812]
  0x00000000213e2800 WatcherThread [stack: 0x0000000021b50000,0x0000000021c50000] [id=4868]

VM state:not at safepoint (normal execution)

VM Mutex/Monitor currently owned by a thread: None

Heap:
 PSYoungGen      total 150528K, used 14734K [0x000000076bb00000, 0x0000000779800000, 0x00000007c0000000)
  eden space 132608K, 1% used [0x000000076bb00000,0x000000076bd29608,0x0000000773c80000)
  from space 17920K, 69% used [0x0000000773c80000,0x00000007748ba3b0,0x0000000774e00000)
  to   space 17920K, 0% used [0x0000000778680000,0x0000000778680000,0x0000000779800000)
 ParOldGen       total 104960K, used 22936K [0x00000006c3000000, 0x00000006c9680000, 0x000000076bb00000)
  object space 104960K, 21% used [0x00000006c3000000,0x00000006c4666150,0x00000006c9680000)
 Metaspace       used 44109K, capacity 44490K, committed 44800K, reserved 1087488K
  class space    used 5690K, capacity 5778K, committed 5888K, reserved 1048576K

Card table byte_map: [0x0000000013fd0000,0x00000000147c0000] byte_map_base: 0x00000000109b8000

Marking Bits: (ParMarkBitMap*) 0x00000000757fd850
 Begin Bits: [0x0000000015510000, 0x0000000019450000)
 End Bits:   [0x0000000019450000, 0x000000001d390000)

Polling page: 0x0000000003170000

CodeCache: size=245760Kb used=14142Kb max_used=14545Kb free=231617Kb
 bounds [0x0000000004c10000, 0x0000000005a50000, 0x0000000013c10000]
 total_blobs=4222 nmethods=3714 adapters=420
 compilation: enabled

Compilation events (10 events):
Event: 8.731 Thread 0x0000000020827800 3879       3       java.beans.FeatureDescriptor::<init> (69 bytes)
Event: 8.732 Thread 0x0000000020827800 nmethod 3879 0x0000000005a4d190 code [0x0000000005a4d360, 0x0000000005a4dc18]
Event: 8.737 Thread 0x0000000020827800 3880       3       sun.reflect.annotation.AnnotationInvocationHandler$1::run (5 bytes)
Event: 8.737 Thread 0x0000000020827800 nmethod 3880 0x0000000005a4df10 code [0x0000000005a4e0e0, 0x0000000005a4e578]
Event: 8.737 Thread 0x0000000020827800 3881       3       sun.reflect.annotation.AnnotationInvocationHandler$1::run (26 bytes)
Event: 8.738 Thread 0x0000000020827800 nmethod 3881 0x0000000005a4e890 code [0x0000000005a4ea60, 0x0000000005a4ee78]
Event: 8.753 Thread 0x0000000020827800 3883       3       com.sun.org.apache.xalan.internal.utils.XMLSecurityManager$NameMap::getOldName (18 bytes)
Event: 8.753 Thread 0x0000000020827800 nmethod 3883 0x0000000005a4f0d0 code [0x0000000005a4f240, 0x0000000005a4f4c8]
Event: 8.754 Thread 0x0000000020827800 3884       1       com.fasterxml.jackson.databind.SerializationFeature::enabledByDefault (5 bytes)
Event: 8.754 Thread 0x0000000020827800 nmethod 3884 0x0000000004d57c90 code [0x0000000004d57de0, 0x0000000004d57ef0]

GC Heap History (10 events):
Event: 1.932 GC heap before
{Heap before GC invocations=5 (full 1):
 PSYoungGen      total 75776K, used 65024K [0x000000076bb00000, 0x0000000774f00000, 0x00000007c0000000)
  eden space 65024K, 100% used [0x000000076bb00000,0x000000076fa80000,0x000000076fa80000)
  from space 10752K, 0% used [0x000000076fa80000,0x000000076fa80000,0x0000000770500000)
  to   space 10752K, 0% used [0x0000000774480000,0x0000000774480000,0x0000000774f00000)
 ParOldGen       total 104960K, used 7384K [0x00000006c3000000, 0x00000006c9680000, 0x000000076bb00000)
  object space 104960K, 7% used [0x00000006c3000000,0x00000006c3736078,0x00000006c9680000)
 Metaspace       used 24382K, capacity 24638K, committed 24832K, reserved 1071104K
  class space    used 2981K, capacity 3056K, committed 3072K, reserved 1048576K
Event: 1.938 GC heap after
Heap after GC invocations=5 (full 1):
 PSYoungGen      total 101376K, used 5793K [0x000000076bb00000, 0x0000000774a80000, 0x00000007c0000000)
  eden space 95232K, 0% used [0x000000076bb00000,0x000000076bb00000,0x0000000771800000)
  from space 6144K, 94% used [0x0000000774480000,0x0000000774a28618,0x0000000774a80000)
  to   space 10752K, 0% used [0x0000000773580000,0x0000000773580000,0x0000000774000000)
 ParOldGen       total 104960K, used 7392K [0x00000006c3000000, 0x00000006c9680000, 0x000000076bb00000)
  object space 104960K, 7% used [0x00000006c3000000,0x00000006c3738078,0x00000006c9680000)
 Metaspace       used 24382K, capacity 24638K, committed 24832K, reserved 1071104K
  class space    used 2981K, capacity 3056K, committed 3072K, reserved 1048576K
}
Event: 2.698 GC heap before
{Heap before GC invocations=6 (full 1):
 PSYoungGen      total 101376K, used 101006K [0x000000076bb00000, 0x0000000774a80000, 0x00000007c0000000)
  eden space 95232K, 99% used [0x000000076bb00000,0x00000007717fb450,0x0000000771800000)
  from space 6144K, 94% used [0x0000000774480000,0x0000000774a28618,0x0000000774a80000)
  to   space 10752K, 0% used [0x0000000773580000,0x0000000773580000,0x0000000774000000)
 ParOldGen       total 104960K, used 7392K [0x00000006c3000000, 0x00000006c9680000, 0x000000076bb00000)
  object space 104960K, 7% used [0x00000006c3000000,0x00000006c3738078,0x00000006c9680000)
 Metaspace       used 29423K, capacity 29734K, committed 29952K, reserved 1075200K
  class space    used 3636K, capacity 3740K, committed 3840K, reserved 1048576K
Event: 2.706 GC heap after
Heap after GC invocations=6 (full 1):
 PSYoungGen      total 136192K, used 10726K [0x000000076bb00000, 0x0000000775b80000, 0x00000007c0000000)
  eden space 125440K, 0% used [0x000000076bb00000,0x000000076bb00000,0x0000000773580000)
  from space 10752K, 99% used [0x0000000773580000,0x0000000773ff9a60,0x0000000774000000)
  to   space 13824K, 0% used [0x0000000774e00000,0x0000000774e00000,0x0000000775b80000)
 ParOldGen       total 104960K, used 9216K [0x00000006c3000000, 0x00000006c9680000, 0x000000076bb00000)
  object space 104960K, 8% used [0x00000006c3000000,0x00000006c3900308,0x00000006c9680000)
 Metaspace       used 29423K, capacity 29734K, committed 29952K, reserved 1075200K
  class space    used 3636K, capacity 3740K, committed 3840K, reserved 1048576K
}
Event: 7.611 GC heap before
{Heap before GC invocations=7 (full 1):
 PSYoungGen      total 136192K, used 128453K [0x000000076bb00000, 0x0000000775b80000, 0x00000007c0000000)
  eden space 125440K, 93% used [0x000000076bb00000,0x0000000772df7d40,0x0000000773580000)
  from space 10752K, 99% used [0x0000000773580000,0x0000000773ff9a60,0x0000000774000000)
  to   space 13824K, 0% used [0x0000000774e00000,0x0000000774e00000,0x0000000775b80000)
 ParOldGen       total 104960K, used 9216K [0x00000006c3000000, 0x00000006c9680000, 0x000000076bb00000)
  object space 104960K, 8% used [0x00000006c3000000,0x00000006c3900308,0x00000006c9680000)
 Metaspace       used 34948K, capacity 35270K, committed 35456K, reserved 1081344K
  class space    used 4298K, capacity 4396K, committed 4480K, reserved 1048576K
Event: 7.623 GC heap after
Heap after GC invocations=7 (full 1):
 PSYoungGen      total 146432K, used 13820K [0x000000076bb00000, 0x0000000778680000, 0x00000007c0000000)
  eden space 132608K, 0% used [0x000000076bb00000,0x000000076bb00000,0x0000000773c80000)
  from space 13824K, 99% used [0x0000000774e00000,0x0000000775b7f128,0x0000000775b80000)
  to   space 17920K, 0% used [0x0000000773c80000,0x0000000773c80000,0x0000000774e00000)
 ParOldGen       total 104960K, used 12442K [0x00000006c3000000, 0x00000006c9680000, 0x000000076bb00000)
  object space 104960K, 11% used [0x00000006c3000000,0x00000006c3c268b8,0x00000006c9680000)
 Metaspace       used 34948K, capacity 35270K, committed 35456K, reserved 1081344K
  class space    used 4298K, capacity 4396K, committed 4480K, reserved 1048576K
}
Event: 7.623 GC heap before
{Heap before GC invocations=8 (full 2):
 PSYoungGen      total 146432K, used 13820K [0x000000076bb00000, 0x0000000778680000, 0x00000007c0000000)
  eden space 132608K, 0% used [0x000000076bb00000,0x000000076bb00000,0x0000000773c80000)
  from space 13824K, 99% used [0x0000000774e00000,0x0000000775b7f128,0x0000000775b80000)
  to   space 17920K, 0% used [0x0000000773c80000,0x0000000773c80000,0x0000000774e00000)
 ParOldGen       total 104960K, used 12442K [0x00000006c3000000, 0x00000006c9680000, 0x000000076bb00000)
  object space 104960K, 11% used [0x00000006c3000000,0x00000006c3c268b8,0x00000006c9680000)
 Metaspace       used 34948K, capacity 35270K, committed 35456K, reserved 1081344K
  class space    used 4298K, capacity 4396K, committed 4480K, reserved 1048576K
Event: 7.787 GC heap after
Heap after GC invocations=8 (full 2):
 PSYoungGen      total 146432K, used 0K [0x000000076bb00000, 0x0000000778680000, 0x00000007c0000000)
  eden space 132608K, 0% used [0x000000076bb00000,0x000000076bb00000,0x0000000773c80000)
  from space 13824K, 0% used [0x0000000774e00000,0x0000000774e00000,0x0000000775b80000)
  to   space 17920K, 0% used [0x0000000773c80000,0x0000000773c80000,0x0000000774e00000)
 ParOldGen       total 104960K, used 22928K [0x00000006c3000000, 0x00000006c9680000, 0x000000076bb00000)
  object space 104960K, 21% used [0x00000006c3000000,0x00000006c4664150,0x00000006c9680000)
 Metaspace       used 34948K, capacity 35270K, committed 35456K, reserved 1081344K
  class space    used 4298K, capacity 4396K, committed 4480K, reserved 1048576K
}
Event: 8.738 GC heap before
{Heap before GC invocations=9 (full 2):
 PSYoungGen      total 146432K, used 132608K [0x000000076bb00000, 0x0000000778680000, 0x00000007c0000000)
  eden space 132608K, 100% used [0x000000076bb00000,0x0000000773c80000,0x0000000773c80000)
  from space 13824K, 0% used [0x0000000774e00000,0x0000000774e00000,0x0000000775b80000)
  to   space 17920K, 0% used [0x0000000773c80000,0x0000000773c80000,0x0000000774e00000)
 ParOldGen       total 104960K, used 22928K [0x00000006c3000000, 0x00000006c9680000, 0x000000076bb00000)
  object space 104960K, 21% used [0x00000006c3000000,0x00000006c4664150,0x00000006c9680000)
 Metaspace       used 44095K, capacity 44490K, committed 44800K, reserved 1087488K
  class space    used 5687K, capacity 5778K, committed 5888K, reserved 1048576K
Event: 8.749 GC heap after
Heap after GC invocations=9 (full 2):
 PSYoungGen      total 150528K, used 12520K [0x000000076bb00000, 0x0000000779800000, 0x00000007c0000000)
  eden space 132608K, 0% used [0x000000076bb00000,0x000000076bb00000,0x0000000773c80000)
  from space 17920K, 69% used [0x0000000773c80000,0x00000007748ba3b0,0x0000000774e00000)
  to   space 17920K, 0% used [0x0000000778680000,0x0000000778680000,0x0000000779800000)
 ParOldGen       total 104960K, used 22936K [0x00000006c3000000, 0x00000006c9680000, 0x000000076bb00000)
  object space 104960K, 21% used [0x00000006c3000000,0x00000006c4666150,0x00000006c9680000)
 Metaspace       used 44095K, capacity 44490K, committed 44800K, reserved 1087488K
  class space    used 5687K, capacity 5778K, committed 5888K, reserved 1048576K
}

Deoptimization events (10 events):
Event: 8.353 Thread 0x0000000004b15800 Uncommon trap: reason=unstable_if action=reinterpret pc=0x000000000571e524 method=java.lang.reflect.Proxy.isProxyClass(Ljava/lang/Class;)Z @ 16
Event: 8.359 Thread 0x0000000004b15800 Uncommon trap: reason=class_check action=maybe_recompile pc=0x0000000005701afc method=org.springframework.beans.factory.support.AbstractBeanFactory.isTypeMatch(Ljava/lang/String;Lorg/springframework/core/ResolvableType;)Z @ 37
Event: 8.498 Thread 0x0000000004b15800 Uncommon trap: reason=class_check action=maybe_recompile pc=0x0000000005701afc method=org.springframework.beans.factory.support.AbstractBeanFactory.isTypeMatch(Ljava/lang/String;Lorg/springframework/core/ResolvableType;)Z @ 37
Event: 8.579 Thread 0x0000000004b15800 Uncommon trap: reason=unstable_if action=reinterpret pc=0x00000000056fcd5c method=java.util.concurrent.ConcurrentHashMap.putVal(Ljava/lang/Object;Ljava/lang/Object;Z)Ljava/lang/Object; @ 331
Event: 8.579 Thread 0x0000000004b15800 Uncommon trap: reason=unstable_if action=reinterpret pc=0x00000000056da3f8 method=java.util.concurrent.ConcurrentHashMap.get(Ljava/lang/Object;)Ljava/lang/Object; @ 86
Event: 8.648 Thread 0x0000000004b15800 Uncommon trap: reason=unstable_if action=reinterpret pc=0x00000000056e0334 method=org.springframework.asm.Frame.merge(Lorg/springframework/asm/ClassWriter;I[II)Z @ 80
Event: 8.648 Thread 0x0000000004b15800 Uncommon trap: reason=unstable_if action=reinterpret pc=0x0000000005531164 method=org.springframework.asm.Frame.merge(Lorg/springframework/asm/ClassWriter;I[II)Z @ 80
Event: 8.650 Thread 0x0000000004b15800 Uncommon trap: reason=range_check action=make_not_entrant pc=0x0000000005828658 method=java.lang.String.charAt(I)C @ 27
Event: 8.651 Thread 0x0000000004b15800 Uncommon trap: reason=unstable_if action=reinterpret pc=0x00000000057a2618 method=org.springframework.asm.MethodWriter.visitMethodInsn(ILjava/lang/String;Ljava/lang/String;Ljava/lang/String;Z)V @ 37
Event: 8.719 Thread 0x0000000004b15800 Uncommon trap: reason=unstable_if action=reinterpret pc=0x00000000058ee99c method=java.util.WeakHashMap.put(Ljava/lang/Object;Ljava/lang/Object;)Ljava/lang/Object; @ 47

Internal exceptions (10 events):
Event: 8.731 Thread 0x0000000004b15800 Exception <a 'java/lang/ClassNotFoundException': org/springframework/http/converter/AbstractHttpMessageConverterCustomizer> (0x0000000773b1e2f8) thrown at [C:\re\workspace\8-2-build-windows-amd64-cygwin\jdk8u144\9417\hotspot\src\share\vm\classfile\systemD
Event: 8.731 Thread 0x0000000004b15800 Exception <a 'java/lang/ClassNotFoundException': org/springframework/http/converter/AbstractGenericHttpMessageConverterCustomizer> (0x0000000773b43408) thrown at [C:\re\workspace\8-2-build-windows-amd64-cygwin\jdk8u144\9417\hotspot\src\share\vm\classfile\
Event: 8.732 Thread 0x0000000004b15800 Exception <a 'java/lang/ClassNotFoundException': org/springframework/http/converter/json/AbstractJackson2HttpMessageConverterCustomizer> (0x0000000773b688e8) thrown at [C:\re\workspace\8-2-build-windows-amd64-cygwin\jdk8u144\9417\hotspot\src\share\vm\clas
Event: 8.732 Thread 0x0000000004b15800 Exception <a 'java/lang/ClassNotFoundException': org/springframework/http/converter/json/MappingJackson2HttpMessageConverterCustomizer> (0x0000000773b944e8) thrown at [C:\re\workspace\8-2-build-windows-amd64-cygwin\jdk8u144\9417\hotspot\src\share\vm\class
Event: 8.733 Thread 0x0000000004b15800 Exception <a 'java/lang/ClassNotFoundException': org/springframework/http/converter/GenericHttpMessageConverterCustomizer> (0x0000000773bb87a0) thrown at [C:\re\workspace\8-2-build-windows-amd64-cygwin\jdk8u144\9417\hotspot\src\share\vm\classfile\systemDi
Event: 8.734 Thread 0x0000000004b15800 Exception <a 'java/lang/ClassNotFoundException': org/springframework/http/converter/HttpMessageConverterCustomizer> (0x0000000773bd71c8) thrown at [C:\re\workspace\8-2-build-windows-amd64-cygwin\jdk8u144\9417\hotspot\src\share\vm\classfile\systemDictionar
Event: 8.735 Thread 0x0000000004b15800 Exception <a 'java/lang/ClassNotFoundException': java/lang/ObjectCustomizer> (0x0000000773befbc0) thrown at [C:\re\workspace\8-2-build-windows-amd64-cygwin\jdk8u144\9417\hotspot\src\share\vm\classfile\systemDictionary.cpp, line 210]
Event: 8.735 Thread 0x0000000004b15800 Exception <a 'java/lang/ClassNotFoundException': org/springframework/boot/autoconfigure/web/HttpMessageConvertersAutoConfigurationCustomizer> (0x0000000773c107e8) thrown at [C:\re\workspace\8-2-build-windows-amd64-cygwin\jdk8u144\9417\hotspot\src\share\vm
Event: 8.736 Thread 0x0000000004b15800 Exception <a 'java/lang/ClassNotFoundException': org/springframework/boot/autoconfigure/web/HttpMessageConvertersAutoConfiguration$$EnhancerBySpringCGLIB$$46bb15a7Customizer> (0x0000000773c370a8) thrown at [C:\re\workspace\8-2-build-windows-amd64-cygwin\j
Event: 8.736 Thread 0x0000000004b15800 Exception <a 'java/lang/ClassNotFoundException': org/springframework/context/annotation/ConfigurationClassEnhancer$EnhancedConfigurationCustomizer> (0x0000000773c5c728) thrown at [C:\re\workspace\8-2-build-windows-amd64-cygwin\jdk8u144\9417\hotspot\src\sh

Events (10 events):
Event: 8.755 loading class com/fasterxml/jackson/datatype/jdk7/Jdk7Module
Event: 8.755 loading class com/fasterxml/jackson/datatype/jdk7/Jdk7Module done
Event: 8.755 loading class com/fasterxml/jackson/datatype/jdk7$Jdk7Module
Event: 8.755 loading class com/fasterxml/jackson/datatype/jdk7$Jdk7Module done
Event: 8.755 loading class com/fasterxml/jackson/datatype/jdk8/Jdk8Module
Event: 8.755 loading class com/fasterxml/jackson/datatype/jdk8/Jdk8Module done
Event: 8.755 loading class com/fasterxml/jackson/datatype/jdk8$Jdk8Module
Event: 8.755 loading class com/fasterxml/jackson/datatype/jdk8$Jdk8Module done
Event: 8.755 loading class com/fasterxml/jackson/datatype/jsr310/JavaTimeModule
Event: 8.755 loading class com/fasterxml/jackson/datatype/jsr310/JavaTimeModule done


Dynamic libraries:
0x00007ff7b6c90000 - 0x00007ff7b6cc7000 	C:\Program Files\Java\jdk1.8.0_144\bin\java.exe
0x00007ffe7c520000 - 0x00007ffe7c700000 	C:\WINDOWS\SYSTEM32\ntdll.dll
0x00007ffe79c20000 - 0x00007ffe79cce000 	C:\WINDOWS\System32\KERNEL32.DLL
0x00007ffe794a0000 - 0x00007ffe79706000 	C:\WINDOWS\System32\KERNELBASE.dll
0x00007ffe7c1b0000 - 0x00007ffe7c251000 	C:\WINDOWS\System32\ADVAPI32.dll
0x00007ffe7bf20000 - 0x00007ffe7bfbd000 	C:\WINDOWS\System32\msvcrt.dll
0x00007ffe7b380000 - 0x00007ffe7b3db000 	C:\WINDOWS\System32\sechost.dll
0x00007ffe7c090000 - 0x00007ffe7c1af000 	C:\WINDOWS\System32\RPCRT4.dll
0x00007ffe79cd0000 - 0x00007ffe79e5f000 	C:\WINDOWS\System32\USER32.dll
0x00007ffe799d0000 - 0x00007ffe799f0000 	C:\WINDOWS\System32\win32u.dll
0x00007ffe7c260000 - 0x00007ffe7c288000 	C:\WINDOWS\System32\GDI32.dll
0x00007ffe78a20000 - 0x00007ffe78bb3000 	C:\WINDOWS\System32\gdi32full.dll
0x00007ffe79760000 - 0x00007ffe797fb000 	C:\WINDOWS\System32\msvcp_win.dll
0x00007ffe78920000 - 0x00007ffe78a16000 	C:\WINDOWS\System32\ucrtbase.dll
0x00007ffe6ef00000 - 0x00007ffe6f169000 	C:\WINDOWS\WinSxS\amd64_microsoft.windows.common-controls_6595b64144ccf1df_6.0.16299.431_none_15c7d3ee93659e73\COMCTL32.dll
0x00007ffe7bb70000 - 0x00007ffe7be78000 	C:\WINDOWS\System32\combase.dll
0x00007ffe79310000 - 0x00007ffe79382000 	C:\WINDOWS\System32\bcryptPrimitives.dll
0x00007ffe7b340000 - 0x00007ffe7b36d000 	C:\WINDOWS\System32\IMM32.DLL
0x0000000075880000 - 0x0000000075952000 	C:\Program Files\Java\jdk1.8.0_144\jre\bin\msvcr100.dll
0x0000000074fe0000 - 0x000000007587d000 	C:\Program Files\Java\jdk1.8.0_144\jre\bin\server\jvm.dll
0x00007ffe79c10000 - 0x00007ffe79c18000 	C:\WINDOWS\System32\PSAPI.DLL
0x00007ffe76740000 - 0x00007ffe76763000 	C:\WINDOWS\SYSTEM32\WINMM.dll
0x00007ffe749f0000 - 0x00007ffe749fa000 	C:\WINDOWS\SYSTEM32\VERSION.dll
0x00007ffe74bc0000 - 0x00007ffe74bc9000 	C:\WINDOWS\SYSTEM32\WSOCK32.dll
0x00007ffe7b3f0000 - 0x00007ffe7b45c000 	C:\WINDOWS\System32\WS2_32.dll
0x00007ffe766f0000 - 0x00007ffe7671a000 	C:\WINDOWS\SYSTEM32\WINMMBASE.dll
0x00007ffe79710000 - 0x00007ffe7975a000 	C:\WINDOWS\System32\cfgmgr32.dll
0x0000000074fd0000 - 0x0000000074fdf000 	C:\Program Files\Java\jdk1.8.0_144\jre\bin\verify.dll
0x0000000074fa0000 - 0x0000000074fc9000 	C:\Program Files\Java\jdk1.8.0_144\jre\bin\java.dll
0x0000000075a10000 - 0x0000000075a33000 	C:\Program Files\Java\jdk1.8.0_144\jre\bin\instrument.dll
0x0000000074f50000 - 0x0000000074f66000 	C:\Program Files\Java\jdk1.8.0_144\jre\bin\zip.dll
0x00007ffe79ee0000 - 0x00007ffe7b318000 	C:\WINDOWS\System32\SHELL32.dll
0x00007ffe799f0000 - 0x00007ffe79a96000 	C:\WINDOWS\System32\shcore.dll
0x00007ffe78bc0000 - 0x00007ffe79307000 	C:\WINDOWS\System32\windows.storage.dll
0x00007ffe7c430000 - 0x00007ffe7c481000 	C:\WINDOWS\System32\shlwapi.dll
0x00007ffe78900000 - 0x00007ffe78911000 	C:\WINDOWS\System32\kernel.appcore.dll
0x00007ffe78890000 - 0x00007ffe788dc000 	C:\WINDOWS\System32\powrprof.dll
0x00007ffe78870000 - 0x00007ffe7888b000 	C:\WINDOWS\System32\profapi.dll
0x00007ffe66bd0000 - 0x00007ffe66bea000 	C:\Program Files\JetBrains\IntelliJ IDEA Community Edition 2017.2\bin\breakgen64.dll
0x0000000074f00000 - 0x0000000074f1a000 	C:\Program Files\Java\jdk1.8.0_144\jre\bin\net.dll
0x00007ffe78100000 - 0x00007ffe78166000 	C:\WINDOWS\system32\mswsock.dll
0x0000000075a00000 - 0x0000000075a0d000 	C:\Program Files\Java\jdk1.8.0_144\jre\bin\management.dll
0x00007ffe6aad0000 - 0x00007ffe6aae6000 	C:\WINDOWS\system32\napinsp.dll
0x00007ffe6a600000 - 0x00007ffe6a61a000 	C:\WINDOWS\system32\pnrpnsp.dll
0x00007ffe76ba0000 - 0x00007ffe76bb8000 	C:\WINDOWS\system32\NLAapi.dll
0x00007ffe77ed0000 - 0x00007ffe77f86000 	C:\WINDOWS\SYSTEM32\DNSAPI.dll
0x00007ffe7b370000 - 0x00007ffe7b378000 	C:\WINDOWS\System32\NSI.dll
0x00007ffe77e90000 - 0x00007ffe77ec9000 	C:\WINDOWS\SYSTEM32\IPHLPAPI.DLL
0x00007ffe6aac0000 - 0x00007ffe6aace000 	C:\WINDOWS\System32\winrnr.dll
0x00007ffe6a190000 - 0x00007ffe6a1a5000 	C:\WINDOWS\System32\wshbth.dll
0x00007ffe6eed0000 - 0x00007ffe6eeda000 	C:\Windows\System32\rasadhlp.dll
0x00007ffe705c0000 - 0x00007ffe70630000 	C:\WINDOWS\System32\fwpuclnt.dll
0x00007ffe783d0000 - 0x00007ffe783f5000 	C:\WINDOWS\SYSTEM32\bcrypt.dll
0x0000000074ee0000 - 0x0000000074ef1000 	C:\Program Files\Java\jdk1.8.0_144\jre\bin\nio.dll
0x00007ffe782c0000 - 0x00007ffe782d7000 	C:\WINDOWS\SYSTEM32\CRYPTSP.dll
0x00007ffe77d00000 - 0x00007ffe77d33000 	C:\WINDOWS\system32\rsaenh.dll
0x00007ffe787a0000 - 0x00007ffe787c9000 	C:\WINDOWS\SYSTEM32\USERENV.dll
0x00007ffe782e0000 - 0x00007ffe782eb000 	C:\WINDOWS\SYSTEM32\CRYPTBASE.dll
0x00007ffe71a20000 - 0x00007ffe71a36000 	C:\WINDOWS\SYSTEM32\dhcpcsvc6.DLL
0x00007ffe72320000 - 0x00007ffe7233a000 	C:\WINDOWS\SYSTEM32\dhcpcsvc.DLL

VM Arguments:
jvm_args: -javaagent:C:\Program Files\JetBrains\IntelliJ IDEA Community Edition 2017.2\lib\idea_rt.jar=54455:C:\Program Files\JetBrains\IntelliJ IDEA Community Edition 2017.2\bin -Dfile.encoding=UTF-8 
java_command: pl.michal.demorepo2.Demorepo2Application
java_class_path (initial): C:\Program Files\Java\jdk1.8.0_144\jre\lib\charsets.jar;C:\Program Files\Java\jdk1.8.0_144\jre\lib\deploy.jar;C:\Program Files\Java\jdk1.8.0_144\jre\lib\ext\access-bridge-64.jar;C:\Program Files\Java\jdk1.8.0_144\jre\lib\ext\cldrdata.jar;C:\Program Files\Java\jdk1.8.0_144\jre\lib\ext\dnsns.jar;C:\Program Files\Java\jdk1.8.0_144\jre\lib\ext\jaccess.jar;C:\Program Files\Java\jdk1.8.0_144\jre\lib\ext\jfxrt.jar;C:\Program Files\Java\jdk1.8.0_144\jre\lib\ext\localedata.jar;C:\Program Files\Java\jdk1.8.0_144\jre\lib\ext\nashorn.jar;C:\Program Files\Java\jdk1.8.0_144\jre\lib\ext\sunec.jar;C:\Program Files\Java\jdk1.8.0_144\jre\lib\ext\sunjce_provider.jar;C:\Program Files\Java\jdk1.8.0_144\jre\lib\ext\sunmscapi.jar;C:\Program Files\Java\jdk1.8.0_144\jre\lib\ext\sunpkcs11.jar;C:\Program Files\Java\jdk1.8.0_144\jre\lib\ext\zipfs.jar;C:\Program Files\Java\jdk1.8.0_144\jre\lib\javaws.jar;C:\Program Files\Java\jdk1.8.0_144\jre\lib\jce.jar;C:\Program Files\Java\jdk1.8.0_144\jre\lib\jfr.jar;C:\Program Files\Java\jdk1.8.0_144\jre\lib\jfxswt.jar;C:\Program Files\Java\jdk1.8.0_144\jre\lib\jsse.jar;C:\Program Files\Java\jdk1.8.0_144\jre\lib\management-agent.jar;C:\Program Files\Java\jdk1.8.0_144\jre\lib\plugin.jar;C:\Program Files\Java\jdk1.8.0_144\jre\lib\resources.jar;C:\Program Files\Java\jdk1.8.0_144\jre\lib\rt.jar;C:\Users\Michal\IdeaProjects\demorepo2\target\classes;C:\Users\Michal\.m2\repository\net\sourceforge\nekohtml\nekohtml\1.9.22\nekohtml-1.9.22.jar;C:\Users\Michal\.m2\repository\xerces\xercesImpl\2.11.0\xercesImpl-2.11.0.jar;C:\Users\Michal\.m2\repository\xml-apis\xml-apis\1.4.01\xml-apis-1.4.01.jar;C:\Users\Michal\.m2\repository\org\springframework\boot\spring-boot-starter-data-jpa\1.5.14.RELEASE\spring-boot-starter-data-jpa-1.5.14.RELEASE.jar;C:\Users\Michal\.m2\repository\org\springframework\boot\spring-boot-starter\1.5.14.RELEASE\spring-boot-starter-1.5.14.RELEASE.jar;C:\Users\Michal\.m2\repository\org\springframework\boot\spring-boot\1.5
Launcher Type: SUN_STANDARD

Environment Variables:
PATH=C:\ProgramData\Oracle\Java\javapath;C:\WINDOWS\system32;C:\WINDOWS;C:\WINDOWS\System32\Wbem;C:\WINDOWS\System32\WindowsPowerShell\v1.0\;C:\Program Files\TortoiseGit\bin;"C:\Program Files\Java\jdk1.8.0\bin;";C:\Program Files\Git\cmd;C:\Program Files (x86)\MySQL\MySQL Utilities 1.6\;C:\Users\Michal\AppData\Local\Microsoft\WindowsApps;C:\Program Files\Heroku\bin
USERNAME=Michal
OS=Windows_NT
PROCESSOR_IDENTIFIER=Intel64 Family 6 Model 60 Stepping 3, GenuineIntel



---------------  S Y S T E M  ---------------

OS: Windows 10.0 , 64 bit Build 16299 (10.0.16299.431)

CPU:total 8 (initial active 8) (4 cores per cpu, 2 threads per core) family 6 model 60 stepping 3, cmov, cx8, fxsr, mmx, sse, sse2, sse3, ssse3, sse4.1, sse4.2, popcnt, avx, avx2, aes, clmul, erms, lzcnt, ht, tsc, tscinvbit, bmi1, bmi2

Memory: 4k page, physical 16573548k(9399916k free), swap 32133684k(4624k free)

vm_info: Java HotSpot(TM) 64-Bit Server VM (25.144-b01) for windows-amd64 JRE (1.8.0_144-b01), built on Jul 21 2017 21:57:33 by "java_re" with MS VC++ 10.0 (VS2010)

time: Sun Jun 17 20:02:11 2018
elapsed time: 8 seconds (0d 0h 0m 8s)

